ActivityExample/build/outputs/logs/manifest-merger-debug-report.txt
-- Merging decision tree log ---
manifest
ADDED from src\main\AndroidManifest.xml:2:1-29:12
	package
		ADDED from src\main\AndroidManifest.xml:3:5-47
		INJECTED from src\main\AndroidManifest.xml
		INJECTED from src\main\AndroidManifest.xml
	android:versionName
		ADDED from src\main\AndroidManifest.xml:5:5-30
		INJECTED from src\main\AndroidManifest.xml
		INJECTED from src\main\AndroidManifest.xml
	android:versionCode
		ADDED from src\main\AndroidManifest.xml:4:5-28
		INJECTED from src\main\AndroidManifest.xml
		INJECTED from src\main\AndroidManifest.xml
	xmlns:android
		ADDED from src\main\AndroidManifest.xml:2:11-69
uses-sdk
ADDED from src\main\AndroidManifest.xml:7:5-9:41
MERGED from [:evsBase:] AndroidManifest.xml:7:5-9:41
	android:targetSdkVersion
		ADDED from src\main\AndroidManifest.xml:9:9-38
		INJECTED from src\main\AndroidManifest.xml
		INJECTED from src\main\AndroidManifest.xml
	android:minSdkVersion
		ADDED from src\main\AndroidManifest.xml:8:9-35
		INJECTED from src\main\AndroidManifest.xml
		INJECTED from src\main\AndroidManifest.xml
uses-permission#android.permission.READ_EXTERNAL_STORAGE
ADDED from src\main\AndroidManifest.xml:12:5-80
	android:name
		ADDED from src\main\AndroidManifest.xml:12:22-77
application
ADDED from src\main\AndroidManifest.xml:14:5-27:19
MERGED from [:evsBase:] AndroidManifest.xml:11:5-14:19
	android:label
		ADDED from [:evsBase:] AndroidManifest.xml:13:9-41
	android:icon
		ADDED from src\main\AndroidManifest.xml:14:18-54
	android:allowBackup
		ADDED from [:evsBase:] AndroidManifest.xml:12:9-35
activity#sdk.everysight.examples.activity.SimpleActivity
ADDED from src\main\AndroidManifest.xml:16:9-21:20
	android:name
		ADDED from src\main\AndroidManifest.xml:16:19-49
intent-filter#android.intent.action.MAIN+android.intent.category.LAUNCHER
ADDED from src\main\AndroidManifest.xml:17:13-20:29
action#android.intent.action.MAIN
ADDED from src\main\AndroidManifest.xml:18:17-69
	android:name
		ADDED from src\main\AndroidManifest.xml:18:25-66
category#android.intent.category.LAUNCHER
ADDED from src\main\AndroidManifest.xml:19:17-77
	android:name
		ADDED from src\main\AndroidManifest.xml:19:27-74
meta-data#app_run_in_bg
ADDED from src\main\AndroidManifest.xml:24:9-73
	android:value
		ADDED from src\main\AndroidManifest.xml:24:49-70
	android:name
		ADDED from src\main\AndroidManifest.xml:24:20-48
meta-data#app_is_vg
ADDED from src\main\AndroidManifest.xml:25:9-68
	android:value
		ADDED from src\main\AndroidManifest.xml:25:45-65
	android:name
		ADDED from src\main\AndroidManifest.xml:25:20-44